# JRE version: Java(TM) SE Runtime Environment 18.9 (11.0.11+9) (build 11.0.11+9-LTS-194)
# Java VM: Java HotSpot(TM) 64-Bit Server VM 18.9 (11.0.11+9-LTS-194, mixed mode, tiered, compressed oops, parallel gc, windows-amd64)
Heap:
 PSYoungGen      total 22016K, used 0K [0x00000000eab00000, 0x00000000eca80000, 0x0000000100000000)
  eden space 21504K, 0% used [0x00000000eab00000,0x00000000eab00000,0x00000000ec000000)
  from space 512K, 0% used [0x00000000ec000000,0x00000000ec000000,0x00000000ec080000)
  to   space 3584K, 0% used [0x00000000ec700000,0x00000000ec700000,0x00000000eca80000)
 ParOldGen       total 68608K, used 24522K [0x00000000c0000000, 0x00000000c4300000, 0x00000000eab00000)
  object space 68608K, 35% used [0x00000000c0000000,0x00000000c17f2918,0x00000000c4300000)
 Metaspace       used 33505K, capacity 35456K, committed 35584K, reserved 1081344K
  class space    used 3141K, capacity 3821K, committed 3840K, reserved 1048576K
GC Heap History (10 events):
Event: 38.940 GC heap before
{Heap before GC invocations=9 (full 1):
 PSYoungGen      total 30720K, used 30704K [0x00000000eab00000, 0x00000000ed480000, 0x0000000100000000)
  eden space 24064K, 100% used [0x00000000eab00000,0x00000000ec280000,0x00000000ec280000)
  from space 6656K, 99% used [0x00000000ec300000,0x00000000ec97c320,0x00000000ec980000)
  to   space 9216K, 0% used [0x00000000ecb80000,0x00000000ecb80000,0x00000000ed480000)
 ParOldGen       total 68608K, used 10730K [0x00000000c0000000, 0x00000000c4300000, 0x00000000eab00000)
  object space 68608K, 15% used [0x00000000c0000000,0x00000000c0a7abc8,0x00000000c4300000)
 Metaspace       used 31198K, capacity 32964K, committed 33152K, reserved 1079296K
  class space    used 2985K, capacity 3652K, committed 3712K, reserved 1048576K
}
Event: 39.044 GC heap after
{Heap after GC invocations=9 (full 1):
 PSYoungGen      total 30720K, used 6675K [0x00000000eab00000, 0x00000000ed280000, 0x0000000100000000)
  eden space 23552K, 0% used [0x00000000eab00000,0x00000000eab00000,0x00000000ec200000)
  from space 7168K, 93% used [0x00000000ecb80000,0x00000000ed204eb8,0x00000000ed280000)
  to   space 7680K, 0% used [0x00000000ec380000,0x00000000ec380000,0x00000000ecb00000)
 ParOldGen       total 68608K, used 12894K [0x00000000c0000000, 0x00000000c4300000, 0x00000000eab00000)
  object space 68608K, 18% used [0x00000000c0000000,0x00000000c0c97b58,0x00000000c4300000)
 Metaspace       used 31198K, capacity 32964K, committed 33152K, reserved 1079296K
  class space    used 2985K, capacity 3652K, committed 3712K, reserved 1048576K
}
Event: 39.460 GC heap before
{Heap before GC invocations=10 (full 1):
 PSYoungGen      total 30720K, used 30227K [0x00000000eab00000, 0x00000000ed280000, 0x0000000100000000)
  eden space 23552K, 100% used [0x00000000eab00000,0x00000000ec200000,0x00000000ec200000)
  from space 7168K, 93% used [0x00000000ecb80000,0x00000000ed204eb8,0x00000000ed280000)
  to   space 7680K, 0% used [0x00000000ec380000,0x00000000ec380000,0x00000000ecb00000)
 ParOldGen       total 68608K, used 12894K [0x00000000c0000000, 0x00000000c4300000, 0x00000000eab00000)
  object space 68608K, 18% used [0x00000000c0000000,0x00000000c0c97b58,0x00000000c4300000)
 Metaspace       used 31198K, capacity 32964K, committed 33152K, reserved 1079296K
  class space    used 2985K, capacity 3652K, committed 3712K, reserved 1048576K
}
Event: 39.532 GC heap after
{Heap after GC invocations=10 (full 1):
 PSYoungGen      total 29696K, used 6464K [0x00000000eab00000, 0x00000000ece80000, 0x0000000100000000)
  eden space 23040K, 0% used [0x00000000eab00000,0x00000000eab00000,0x00000000ec180000)
  from space 6656K, 97% used [0x00000000ec380000,0x00000000ec9d0020,0x00000000eca00000)
  to   space 4608K, 0% used [0x00000000eca00000,0x00000000eca00000,0x00000000ece80000)
 ParOldGen       total 68608K, used 15186K [0x00000000c0000000, 0x00000000c4300000, 0x00000000eab00000)
  object space 68608K, 22% used [0x00000000c0000000,0x00000000c0ed49f0,0x00000000c4300000)
 Metaspace       used 31198K, capacity 32964K, committed 33152K, reserved 1079296K
  class space    used 2985K, capacity 3652K, committed 3712K, reserved 1048576K
}
Event: 41.831 GC heap before
{Heap before GC invocations=11 (full 1):
 PSYoungGen      total 29696K, used 29493K [0x00000000eab00000, 0x00000000ece80000, 0x0000000100000000)
  eden space 23040K, 99% used [0x00000000eab00000,0x00000000ec17d7b0,0x00000000ec180000)
  from space 6656K, 97% used [0x00000000ec380000,0x00000000ec9d0020,0x00000000eca00000)
  to   space 4608K, 0% used [0x00000000eca00000,0x00000000eca00000,0x00000000ece80000)
 ParOldGen       total 68608K, used 15186K [0x00000000c0000000, 0x00000000c4300000, 0x00000000eab00000)
  object space 68608K, 22% used [0x00000000c0000000,0x00000000c0ed49f0,0x00000000c4300000)
 Metaspace       used 32716K, capacity 34624K, committed 34816K, reserved 1081344K
  class space    used 3082K, capacity 3757K, committed 3840K, reserved 1048576K
}
Event: 41.884 GC heap after
{Heap after GC invocations=11 (full 1):
 PSYoungGen      total 26112K, used 4593K [0x00000000eab00000, 0x00000000ed500000, 0x0000000100000000)
  eden space 21504K, 0% used [0x00000000eab00000,0x00000000eab00000,0x00000000ec000000)
  from space 4608K, 99% used [0x00000000eca00000,0x00000000ece7c708,0x00000000ece80000)
  to   space 10240K, 0% used [0x00000000ec000000,0x00000000ec000000,0x00000000eca00000)
 ParOldGen       total 68608K, used 20151K [0x00000000c0000000, 0x00000000c4300000, 0x00000000eab00000)
  object space 68608K, 29% used [0x00000000c0000000,0x00000000c13add68,0x00000000c4300000)
 Metaspace       used 32716K, capacity 34624K, committed 34816K, reserved 1081344K
  class space    used 3082K, capacity 3757K, committed 3840K, reserved 1048576K
}
Event: 42.011 GC heap before
{Heap before GC invocations=12 (full 1):
 PSYoungGen      total 26112K, used 5606K [0x00000000eab00000, 0x00000000ed500000, 0x0000000100000000)
  eden space 21504K, 4% used [0x00000000eab00000,0x00000000eabfd488,0x00000000ec000000)
  from space 4608K, 99% used [0x00000000eca00000,0x00000000ece7c708,0x00000000ece80000)
  to   space 10240K, 0% used [0x00000000ec000000,0x00000000ec000000,0x00000000eca00000)
 ParOldGen       total 68608K, used 20151K [0x00000000c0000000, 0x00000000c4300000, 0x00000000eab00000)
  object space 68608K, 29% used [0x00000000c0000000,0x00000000c13add68,0x00000000c4300000)
 Metaspace       used 33364K, capacity 35264K, committed 35328K, reserved 1081344K
  class space    used 3141K, capacity 3821K, committed 3840K, reserved 1048576K
}
Event: 42.040 GC heap after
{Heap after GC invocations=12 (full 1):
 PSYoungGen      total 22016K, used 96K [0x00000000eab00000, 0x00000000eca80000, 0x0000000100000000)
  eden space 21504K, 0% used [0x00000000eab00000,0x00000000eab00000,0x00000000ec000000)
  from space 512K, 18% used [0x00000000ec000000,0x00000000ec018000,0x00000000ec080000)
  to   space 3584K, 0% used [0x00000000ec700000,0x00000000ec700000,0x00000000eca80000)
 ParOldGen       total 68608K, used 24755K [0x00000000c0000000, 0x00000000c4300000, 0x00000000eab00000)
  object space 68608K, 36% used [0x00000000c0000000,0x00000000c182ceb0,0x00000000c4300000)
 Metaspace       used 33364K, capacity 35264K, committed 35328K, reserved 1081344K
  class space    used 3141K, capacity 3821K, committed 3840K, reserved 1048576K
}
Event: 42.040 GC heap before
{Heap before GC invocations=13 (full 2):
 PSYoungGen      total 22016K, used 96K [0x00000000eab00000, 0x00000000eca80000, 0x0000000100000000)
  eden space 21504K, 0% used [0x00000000eab00000,0x00000000eab00000,0x00000000ec000000)
  from space 512K, 18% used [0x00000000ec000000,0x00000000ec018000,0x00000000ec080000)
  to   space 3584K, 0% used [0x00000000ec700000,0x00000000ec700000,0x00000000eca80000)
 ParOldGen       total 68608K, used 24755K [0x00000000c0000000, 0x00000000c4300000, 0x00000000eab00000)
  object space 68608K, 36% used [0x00000000c0000000,0x00000000c182ceb0,0x00000000c4300000)
 Metaspace       used 33364K, capacity 35264K, committed 35328K, reserved 1081344K
  class space    used 3141K, capacity 3821K, committed 3840K, reserved 1048576K
}
Event: 44.674 GC heap after
{Heap after GC invocations=13 (full 2):
 PSYoungGen      total 22016K, used 0K [0x00000000eab00000, 0x00000000eca80000, 0x0000000100000000)
  eden space 21504K, 0% used [0x00000000eab00000,0x00000000eab00000,0x00000000ec000000)
  from space 512K, 0% used [0x00000000ec000000,0x00000000ec000000,0x00000000ec080000)
  to   space 3584K, 0% used [0x00000000ec700000,0x00000000ec700000,0x00000000eca80000)
 ParOldGen       total 68608K, used 24522K [0x00000000c0000000, 0x00000000c4300000, 0x00000000eab00000)
  object space 68608K, 35% used [0x00000000c0000000,0x00000000c17f2918,0x00000000c4300000)
 Metaspace       used 33364K, capacity 35264K, committed 35328K, reserved 1081344K
  class space    used 3141K, capacity 3821K, committed 3840K, reserved 1048576K
}

