# JRE version: Java(TM) SE Runtime Environment 18.9 (11.0.11+9) (build 11.0.11+9-LTS-194)
# Java VM: Java HotSpot(TM) 64-Bit Server VM 18.9 (11.0.11+9-LTS-194, mixed mode, tiered, compressed oops, parallel gc, windows-amd64)
Heap:
 PSYoungGen      total 15360K, used 13653K [0x00000000eab00000, 0x00000000ebb00000, 0x0000000100000000)
  eden space 14848K, 91% used [0x00000000eab00000,0x00000000eb834408,0x00000000eb980000)
  from space 512K, 25% used [0x00000000eba80000,0x00000000ebaa1210,0x00000000ebb00000)
  to   space 512K, 0% used [0x00000000eba00000,0x00000000eba00000,0x00000000eba80000)
 ParOldGen       total 483840K, used 358789K [0x00000000c0000000, 0x00000000dd880000, 0x00000000eab00000)
  object space 483840K, 74% used [0x00000000c0000000,0x00000000d5e615a8,0x00000000dd880000)
 Metaspace       used 89604K, capacity 92877K, committed 93056K, reserved 1132544K
  class space    used 7996K, capacity 9258K, committed 9344K, reserved 1048576K
GC Heap History (10 events):
Event: 22191.425 GC heap before
{Heap before GC invocations=8277 (full 168):
 PSYoungGen      total 14848K, used 14688K [0x00000000eab00000, 0x00000000ebe00000, 0x0000000100000000)
  eden space 11264K, 99% used [0x00000000eab00000,0x00000000eb5f9a88,0x00000000eb600000)
  from space 3584K, 96% used [0x00000000eb600000,0x00000000eb95e718,0x00000000eb980000)
  to   space 4096K, 0% used [0x00000000eba00000,0x00000000eba00000,0x00000000ebe00000)
 ParOldGen       total 483840K, used 354903K [0x00000000c0000000, 0x00000000dd880000, 0x00000000eab00000)
  object space 483840K, 73% used [0x00000000c0000000,0x00000000d5a95e00,0x00000000dd880000)
 Metaspace       used 89580K, capacity 92877K, committed 93056K, reserved 1132544K
  class space    used 7994K, capacity 9258K, committed 9344K, reserved 1048576K
}
Event: 22191.441 GC heap after
{Heap after GC invocations=8277 (full 168):
 PSYoungGen      total 14336K, used 2680K [0x00000000eab00000, 0x00000000ebd00000, 0x0000000100000000)
  eden space 11264K, 0% used [0x00000000eab00000,0x00000000eab00000,0x00000000eb600000)
  from space 3072K, 87% used [0x00000000eba00000,0x00000000ebc9e108,0x00000000ebd00000)
  to   space 3072K, 0% used [0x00000000eb700000,0x00000000eb700000,0x00000000eba00000)
 ParOldGen       total 483840K, used 355662K [0x00000000c0000000, 0x00000000dd880000, 0x00000000eab00000)
  object space 483840K, 73% used [0x00000000c0000000,0x00000000d5b53848,0x00000000dd880000)
 Metaspace       used 89580K, capacity 92877K, committed 93056K, reserved 1132544K
  class space    used 7994K, capacity 9258K, committed 9344K, reserved 1048576K
}
Event: 22191.641 GC heap before
{Heap before GC invocations=8278 (full 168):
 PSYoungGen      total 14336K, used 13944K [0x00000000eab00000, 0x00000000ebd00000, 0x0000000100000000)
  eden space 11264K, 100% used [0x00000000eab00000,0x00000000eb600000,0x00000000eb600000)
  from space 3072K, 87% used [0x00000000eba00000,0x00000000ebc9e108,0x00000000ebd00000)
  to   space 3072K, 0% used [0x00000000eb700000,0x00000000eb700000,0x00000000eba00000)
 ParOldGen       total 483840K, used 355662K [0x00000000c0000000, 0x00000000dd880000, 0x00000000eab00000)
  object space 483840K, 73% used [0x00000000c0000000,0x00000000d5b53848,0x00000000dd880000)
 Metaspace       used 89584K, capacity 92877K, committed 93056K, reserved 1132544K
  class space    used 7994K, capacity 9258K, committed 9344K, reserved 1048576K
}
Event: 22191.793 GC heap after
{Heap after GC invocations=8278 (full 168):
 PSYoungGen      total 15360K, used 2352K [0x00000000eab00000, 0x00000000ebd80000, 0x0000000100000000)
  eden space 12288K, 0% used [0x00000000eab00000,0x00000000eab00000,0x00000000eb700000)
  from space 3072K, 76% used [0x00000000eb700000,0x00000000eb94c1d0,0x00000000eba00000)
  to   space 2560K, 0% used [0x00000000ebb00000,0x00000000ebb00000,0x00000000ebd80000)
 ParOldGen       total 483840K, used 355846K [0x00000000c0000000, 0x00000000dd880000, 0x00000000eab00000)
  object space 483840K, 73% used [0x00000000c0000000,0x00000000d5b81848,0x00000000dd880000)
 Metaspace       used 89584K, capacity 92877K, committed 93056K, reserved 1132544K
  class space    used 7994K, capacity 9258K, committed 9344K, reserved 1048576K
}
Event: 22191.864 GC heap before
{Heap before GC invocations=8279 (full 168):
 PSYoungGen      total 15360K, used 14640K [0x00000000eab00000, 0x00000000ebd80000, 0x0000000100000000)
  eden space 12288K, 100% used [0x00000000eab00000,0x00000000eb700000,0x00000000eb700000)
  from space 3072K, 76% used [0x00000000eb700000,0x00000000eb94c1d0,0x00000000eba00000)
  to   space 2560K, 0% used [0x00000000ebb00000,0x00000000ebb00000,0x00000000ebd80000)
 ParOldGen       total 483840K, used 355846K [0x00000000c0000000, 0x00000000dd880000, 0x00000000eab00000)
  object space 483840K, 73% used [0x00000000c0000000,0x00000000d5b81848,0x00000000dd880000)
 Metaspace       used 89593K, capacity 92877K, committed 93056K, reserved 1132544K
  class space    used 7994K, capacity 9258K, committed 9344K, reserved 1048576K
}
Event: 22191.872 GC heap after
{Heap after GC invocations=8279 (full 168):
 PSYoungGen      total 16384K, used 806K [0x00000000eab00000, 0x00000000ebc80000, 0x0000000100000000)
  eden space 14848K, 0% used [0x00000000eab00000,0x00000000eab00000,0x00000000eb980000)
  from space 1536K, 52% used [0x00000000ebb00000,0x00000000ebbc9870,0x00000000ebc80000)
  to   space 1536K, 0% used [0x00000000eb980000,0x00000000eb980000,0x00000000ebb00000)
 ParOldGen       total 483840K, used 357928K [0x00000000c0000000, 0x00000000dd880000, 0x00000000eab00000)
  object space 483840K, 73% used [0x00000000c0000000,0x00000000d5d8a388,0x00000000dd880000)
 Metaspace       used 89593K, capacity 92877K, committed 93056K, reserved 1132544K
  class space    used 7994K, capacity 9258K, committed 9344K, reserved 1048576K
}
Event: 22193.402 GC heap before
{Heap before GC invocations=8280 (full 168):
 PSYoungGen      total 16384K, used 15647K [0x00000000eab00000, 0x00000000ebc80000, 0x0000000100000000)
  eden space 14848K, 99% used [0x00000000eab00000,0x00000000eb97e470,0x00000000eb980000)
  from space 1536K, 52% used [0x00000000ebb00000,0x00000000ebbc9870,0x00000000ebc80000)
  to   space 1536K, 0% used [0x00000000eb980000,0x00000000eb980000,0x00000000ebb00000)
 ParOldGen       total 483840K, used 357928K [0x00000000c0000000, 0x00000000dd880000, 0x00000000eab00000)
  object space 483840K, 73% used [0x00000000c0000000,0x00000000d5d8a388,0x00000000dd880000)
 Metaspace       used 89604K, capacity 92877K, committed 93056K, reserved 1132544K
  class space    used 7996K, capacity 9258K, committed 9344K, reserved 1048576K
}
Event: 22193.443 GC heap after
{Heap after GC invocations=8280 (full 168):
 PSYoungGen      total 15872K, used 953K [0x00000000eab00000, 0x00000000ebb80000, 0x0000000100000000)
  eden space 14848K, 0% used [0x00000000eab00000,0x00000000eab00000,0x00000000eb980000)
  from space 1024K, 93% used [0x00000000eb980000,0x00000000eba6e410,0x00000000eba80000)
  to   space 1024K, 0% used [0x00000000eba80000,0x00000000eba80000,0x00000000ebb80000)
 ParOldGen       total 483840K, used 358000K [0x00000000c0000000, 0x00000000dd880000, 0x00000000eab00000)
  object space 483840K, 73% used [0x00000000c0000000,0x00000000d5d9c388,0x00000000dd880000)
 Metaspace       used 89604K, capacity 92877K, committed 93056K, reserved 1132544K
  class space    used 7996K, capacity 9258K, committed 9344K, reserved 1048576K
}
Event: 22193.940 GC heap before
{Heap before GC invocations=8281 (full 168):
 PSYoungGen      total 15872K, used 15801K [0x00000000eab00000, 0x00000000ebb80000, 0x0000000100000000)
  eden space 14848K, 100% used [0x00000000eab00000,0x00000000eb980000,0x00000000eb980000)
  from space 1024K, 93% used [0x00000000eb980000,0x00000000eba6e410,0x00000000eba80000)
  to   space 1024K, 0% used [0x00000000eba80000,0x00000000eba80000,0x00000000ebb80000)
 ParOldGen       total 483840K, used 358000K [0x00000000c0000000, 0x00000000dd880000, 0x00000000eab00000)
  object space 483840K, 73% used [0x00000000c0000000,0x00000000d5d9c388,0x00000000dd880000)
 Metaspace       used 89604K, capacity 92877K, committed 93056K, reserved 1132544K
  class space    used 7996K, capacity 9258K, committed 9344K, reserved 1048576K
}
Event: 22193.975 GC heap after
{Heap after GC invocations=8281 (full 168):
 PSYoungGen      total 15360K, used 132K [0x00000000eab00000, 0x00000000ebb00000, 0x0000000100000000)
  eden space 14848K, 0% used [0x00000000eab00000,0x00000000eab00000,0x00000000eb980000)
  from space 512K, 25% used [0x00000000eba80000,0x00000000ebaa1210,0x00000000ebb00000)
  to   space 512K, 0% used [0x00000000eba00000,0x00000000eba00000,0x00000000eba80000)
 ParOldGen       total 483840K, used 358789K [0x00000000c0000000, 0x00000000dd880000, 0x00000000eab00000)
  object space 483840K, 74% used [0x00000000c0000000,0x00000000d5e615a8,0x00000000dd880000)
 Metaspace       used 89604K, capacity 92877K, committed 93056K, reserved 1132544K
  class space    used 7996K, capacity 9258K, committed 9344K, reserved 1048576K
}

